<?xml version="1.0" encoding="UTF-8"?>
<!-- Generated by org.testng.reporters.JUnitReportReporter -->
<testsuite hostname="LAPTOP-64P9DEGN" failures="0" tests="1" name="testcases.HomeTest" time="0.003" errors="0" timestamp="2022-09-11T10:44:21 IST" skipped="0">
  <testcase classname="testcases.HomeTest" name="Test1" time="0.003"/>
  <system-out/>
</testsuite> <!-- testcases.HomeTest -->
