<?xml version="1.0" encoding="UTF-8"?>
<!-- Generated by org.testng.reporters.JUnitReportReporter -->
<testsuite hostname="LAPTOP-64P9DEGN" failures="0" tests="3" name="testcases.SimplilearnLoginTest" time="29.569" errors="0" timestamp="2022-09-11T10:44:21 IST" skipped="0">
  <testcase classname="testcases.SimplilearnLoginTest" name="Test2" time="8.285"/>
  <system-out/>
  <testcase classname="testcases.SimplilearnLoginTest" name="Test3" time="9.639"/>
  <system-out/>
  <testcase classname="testcases.SimplilearnLoginTest" name="Test1" time="11.645"/>
  <system-out/>
</testsuite> <!-- testcases.SimplilearnLoginTest -->
