<?xml version="1.0" encoding="UTF-8"?>
<!-- Generated by org.testng.reporters.JUnitReportReporter -->
<testsuite hostname="LAPTOP-64P9DEGN" failures="0" tests="1" name="testcases.HomeTest" time="0.004" errors="0" timestamp="2022-09-27T11:45:44 IST" skipped="0">
  <testcase classname="testcases.HomeTest" name="Test1" time="0.004"/>
  <system-out/>
</testsuite> <!-- testcases.HomeTest -->
