<?xml version="1.0" encoding="UTF-8"?>
<!-- Generated by org.testng.reporters.JUnitReportReporter -->
<testsuite hostname="LAPTOP-64P9DEGN" failures="0" tests="3" name="testcases.SimplilearnLoginTest" time="29.092" errors="0" timestamp="2022-09-27T11:45:44 IST" skipped="0">
  <testcase classname="testcases.SimplilearnLoginTest" name="Test2" time="9.250"/>
  <system-out/>
  <testcase classname="testcases.SimplilearnLoginTest" name="Test3" time="8.806"/>
  <system-out/>
  <testcase classname="testcases.SimplilearnLoginTest" name="Test1" time="11.036"/>
  <system-out/>
</testsuite> <!-- testcases.SimplilearnLoginTest -->
