<?xml version="1.0" encoding="UTF-8"?>
<!-- Generated by org.testng.reporters.JUnitReportReporter -->
<testsuite hostname="LAPTOP-64P9DEGN" failures="0" tests="3" name="testcases.SimplilearnLoginTest" time="24.381" errors="0" timestamp="2022-09-29T10:54:53 IST" skipped="0">
  <testcase classname="testcases.SimplilearnLoginTest" name="Test2" time="7.325"/>
  <system-out/>
  <testcase classname="testcases.SimplilearnLoginTest" name="Test1" time="10.087"/>
  <system-out/>
  <testcase classname="testcases.SimplilearnLoginTest" name="Test3" time="6.969"/>
  <system-out/>
</testsuite> <!-- testcases.SimplilearnLoginTest -->
