<?xml version="1.0" encoding="UTF-8"?>
<!-- Generated by org.testng.reporters.JUnitReportReporter -->
<testsuite skipped="0" hostname="LAPTOP-64P9DEGN" name="testcases.SimplilearnLoginTest" tests="2" failures="0" timestamp="2022-09-10T12:40:22 IST" time="20.474" errors="0">
  <testcase name="Test1" time="10.940" classname="testcases.SimplilearnLoginTest"/>
  <system-out/>
  <testcase name="Test2" time="9.534" classname="testcases.SimplilearnLoginTest"/>
  <system-out/>
</testsuite> <!-- testcases.SimplilearnLoginTest -->
